Using pre-set license
Built from '2020.3/staging' branch; Version is '2020.3.10f1 (297d780c91bc) revision 2719096'; Using compiler version '192528614'; Build Type 'Release'
OS: 'Windows 10 Home Single Language; OS build 19043.1288; Version 2009; 64bit' Language: 'tr' Physical Memory: 12172 MB
BatchMode: 1, IsHumanControllingUs: 0, StartBugReporterOnCrash: 0, Is64bit: 1, IsPro: 0

 COMMAND LINE ARGUMENTS:
C:\Program Files\Unity\Hub\Editor\2020.3.10f1\Editor\Unity.exe
-adb2
-batchMode
-noUpm
-name
AssetImportWorker0
-projectPath
D:/workspace/unity/3d/meshDeformationMechanics/meshDeformationMechanics
-logFile
Logs/AssetImportWorker0.log
-srvPort
51540
Successfully changed project path to: D:/workspace/unity/3d/meshDeformationMechanics/meshDeformationMechanics
D:/workspace/unity/3d/meshDeformationMechanics/meshDeformationMechanics
Using Asset Import Pipeline V2.
Refreshing native plugins compatible for Editor in 33.50 ms, found 2 plugins.
Preloading 0 native plugins for Editor in 0.00 ms.
Initialize engine version: 2020.3.10f1 (297d780c91bc)
[Subsystems] Discovering subsystems at path C:/Program Files/Unity/Hub/Editor/2020.3.10f1/Editor/Data/Resources/UnitySubsystems
[Subsystems] Discovering subsystems at path D:/workspace/unity/3d/meshDeformationMechanics/meshDeformationMechanics/Assets
GfxDevice: creating device client; threaded=0
Direct3D:
    Version:  Direct3D 11.0 [level 11.1]
    Renderer: NVIDIA GeForce GTX 1050 (ID=0x1c8d)
    Vendor:   
    VRAM:     4021 MB
    Driver:   26.21.14.4193
Initialize mono
Mono path[0] = 'C:/Program Files/Unity/Hub/Editor/2020.3.10f1/Editor/Data/Managed'
Mono path[1] = 'C:/Program Files/Unity/Hub/Editor/2020.3.10f1/Editor/Data/MonoBleedingEdge/lib/mono/unityjit'
Mono config path = 'C:/Program Files/Unity/Hub/Editor/2020.3.10f1/Editor/Data/MonoBleedingEdge/etc'
Using monoOptions --debugger-agent=transport=dt_socket,embedding=1,server=y,suspend=n,address=127.0.0.1:56564
Begin MonoManager ReloadAssembly
Registering precompiled unity dll's ...
Register platform support module: C:/Program Files/Unity/Hub/Editor/2020.3.10f1/Editor/Data/PlaybackEngines/WebGLSupport/UnityEditor.WebGL.Extensions.dll
Register platform support module: C:/Program Files/Unity/Hub/Editor/2020.3.10f1/Editor/Data/PlaybackEngines/WindowsStandaloneSupport/UnityEditor.WindowsStandalone.Extensions.dll
Registered in 0.002510 seconds.
Native extension for WindowsStandalone target not found
Native extension for WebGL target not found
Refreshing native plugins compatible for Editor in 29.73 ms, found 2 plugins.
Preloading 0 native plugins for Editor in 0.00 ms.
Mono: successfully reloaded assembly
- Completed reload, in  1.982 seconds
Platform modules already initialized, skipping
Registering precompiled user dll's ...
Registered in 0.003096 seconds.
Begin MonoManager ReloadAssembly
Native extension for WindowsStandalone target not found
Native extension for WebGL target not found
Refreshing native plugins compatible for Editor in 0.31 ms, found 2 plugins.
Preloading 0 native plugins for Editor in 0.00 ms.
Mono: successfully reloaded assembly
- Completed reload, in  1.179 seconds
Platform modules already initialized, skipping
========================================================================
Worker process is ready to serve import requests
Launched and connected shader compiler UnityShaderCompiler.exe after 0.05 seconds
Refreshing native plugins compatible for Editor in 0.28 ms, found 2 plugins.
Preloading 0 native plugins for Editor in 0.00 ms.
Unloading 1386 Unused Serialized files (Serialized files now loaded: 0)
System memory in use before: 64.6 MB.
System memory in use after: 64.7 MB.

Unloading 19 unused Assets to reduce memory usage. Loaded Objects now: 1819.
Total: 2.073100 ms (FindLiveObjects: 0.131600 ms CreateObjectMapping: 0.041800 ms MarkObjects: 1.784900 ms  DeleteObjects: 0.113800 ms)

========================================================================
Received Import Request.
  path: Assets/Scenes
  artifactKey: Guid(4308820f845ba834ca593bed39ea1c42) Importer(815301076,1909f56bfc062723c751e8b465ee728b)
Start importing Assets/Scenes using Guid(4308820f845ba834ca593bed39ea1c42) Importer(815301076,1909f56bfc062723c751e8b465ee728b)  -> (artifact id: 'f23d376df20c7b471c70c2fe264b1f26') in 0.004796 seconds
  Import took 0.007600 seconds .

========================================================================
Received Import Request.
  Time since last request: 28.774315 seconds.
  path: Assets/Scenes/New Folder
  artifactKey: Guid(1ce7ffac4e2e14a4991fca6466b985c1) Importer(815301076,1909f56bfc062723c751e8b465ee728b)
Start importing Assets/Scenes/New Folder using Guid(1ce7ffac4e2e14a4991fca6466b985c1) Importer(815301076,1909f56bfc062723c751e8b465ee728b)  -> (artifact id: 'b54c350508465a623bb24a58d434101b') in 0.008124 seconds
  Import took 0.010983 seconds .

========================================================================
Received Import Request.
  Time since last request: 7.131028 seconds.
  path: Assets/Scenes/SampleScene.unity
  artifactKey: Guid(9fc0d4010bbf28b4594072e72b8655ab) Importer(815301076,1909f56bfc062723c751e8b465ee728b)
Start importing Assets/Scenes/SampleScene.unity using Guid(9fc0d4010bbf28b4594072e72b8655ab) Importer(815301076,1909f56bfc062723c751e8b465ee728b)  -> (artifact id: '85059f4f9e1a832ed95adaa0d25c5c4c') in 0.019524 seconds
  Import took 0.022819 seconds .

========================================================================
Received Import Request.
  Time since last request: 15.441255 seconds.
  path: Assets/Scenes/CreatePlane.unity
  artifactKey: Guid(9fc0d4010bbf28b4594072e72b8655ab) Importer(815301076,1909f56bfc062723c751e8b465ee728b)
Start importing Assets/Scenes/CreatePlane.unity using Guid(9fc0d4010bbf28b4594072e72b8655ab) Importer(815301076,1909f56bfc062723c751e8b465ee728b)  -> (artifact id: 'dd9d68a7075f23bc0ba0c5fa5e9f3a15') in 0.009945 seconds
  Import took 0.012809 seconds .

========================================================================
Received Import Request.
  Time since last request: 16.377105 seconds.
  path: Assets/Scenes/1_CreatePlane.unity
  artifactKey: Guid(9fc0d4010bbf28b4594072e72b8655ab) Importer(815301076,1909f56bfc062723c751e8b465ee728b)
Start importing Assets/Scenes/1_CreatePlane.unity using Guid(9fc0d4010bbf28b4594072e72b8655ab) Importer(815301076,1909f56bfc062723c751e8b465ee728b)  -> (artifact id: '15e95e867233fba8a370c6d6067155ed') in 0.007507 seconds
  Import took 0.011370 seconds .

========================================================================
Received Import Request.
  Time since last request: 11.917469 seconds.
  path: Assets
  artifactKey: Guid(00000000000000001000000000000000) Importer(815301076,1909f56bfc062723c751e8b465ee728b)
Start importing Assets using Guid(00000000000000001000000000000000) Importer(815301076,1909f56bfc062723c751e8b465ee728b)  -> (artifact id: '42d402b061de3733987d63b9cc3b64de') in 0.006816 seconds
  Import took 0.009581 seconds .

========================================================================
Received Import Request.
  Time since last request: 6.515028 seconds.
  path: Assets/NewBehaviourScript.cs
  artifactKey: Guid(6bd6dbe806e34e341bae92f206b83e87) Importer(815301076,1909f56bfc062723c751e8b465ee728b)
Start importing Assets/NewBehaviourScript.cs using Guid(6bd6dbe806e34e341bae92f206b83e87) Importer(815301076,1909f56bfc062723c751e8b465ee728b)  -> (artifact id: '6f3780e26d9b2d46ce477ef1666b2e99') in 0.046220 seconds
  Import took 0.048649 seconds .

========================================================================
Received Prepare
Registering precompiled user dll's ...
Registered in 0.002868 seconds.
Begin MonoManager ReloadAssembly
Native extension for WindowsStandalone target not found
Native extension for WebGL target not found
Refreshing native plugins compatible for Editor in 0.48 ms, found 2 plugins.
Preloading 0 native plugins for Editor in 0.00 ms.
Mono: successfully reloaded assembly
- Completed reload, in  1.091 seconds
Platform modules already initialized, skipping
Refreshing native plugins compatible for Editor in 0.35 ms, found 2 plugins.
Preloading 0 native plugins for Editor in 0.00 ms.
Unloading 1381 Unused Serialized files (Serialized files now loaded: 0)
System memory in use before: 64.6 MB.
System memory in use after: 64.7 MB.

Unloading 14 unused Assets to reduce memory usage. Loaded Objects now: 1822.
Total: 2.162600 ms (FindLiveObjects: 0.148500 ms CreateObjectMapping: 0.040100 ms MarkObjects: 1.901200 ms  DeleteObjects: 0.072000 ms)

========================================================================
Received Prepare
Registering precompiled user dll's ...
Registered in 0.002960 seconds.
Begin MonoManager ReloadAssembly
Native extension for WindowsStandalone target not found
Native extension for WebGL target not found
Refreshing native plugins compatible for Editor in 0.29 ms, found 2 plugins.
Preloading 0 native plugins for Editor in 0.00 ms.
Mono: successfully reloaded assembly
- Completed reload, in  1.039 seconds
Platform modules already initialized, skipping
Refreshing native plugins compatible for Editor in 0.29 ms, found 2 plugins.
Preloading 0 native plugins for Editor in 0.00 ms.
Unloading 1381 Unused Serialized files (Serialized files now loaded: 0)
System memory in use before: 64.6 MB.
System memory in use after: 64.7 MB.

Unloading 14 unused Assets to reduce memory usage. Loaded Objects now: 1825.
Total: 2.258400 ms (FindLiveObjects: 0.131500 ms CreateObjectMapping: 0.044600 ms MarkObjects: 1.986500 ms  DeleteObjects: 0.095000 ms)

========================================================================
Received Import Request.
  Time since last request: 10.894417 seconds.
  path: Assets/New Folder
  artifactKey: Guid(9ada6889ba830dc46bc14ef2b23a77c2) Importer(815301076,1909f56bfc062723c751e8b465ee728b)
Start importing Assets/New Folder using Guid(9ada6889ba830dc46bc14ef2b23a77c2) Importer(815301076,1909f56bfc062723c751e8b465ee728b)  -> (artifact id: '70c24e7acfc18cc7cda5cac9f35e94f7') in 0.004679 seconds
  Import took 0.008044 seconds .

========================================================================
Received Import Request.
  Time since last request: 19.987460 seconds.
  path: Assets/Scripts
  artifactKey: Guid(9ada6889ba830dc46bc14ef2b23a77c2) Importer(815301076,1909f56bfc062723c751e8b465ee728b)
Start importing Assets/Scripts using Guid(9ada6889ba830dc46bc14ef2b23a77c2) Importer(815301076,1909f56bfc062723c751e8b465ee728b)  -> (artifact id: 'ff67b49493e30974e18892444e7fd56e') in 0.008692 seconds
  Import took 0.011481 seconds .

========================================================================
Received Import Request.
  Time since last request: 44.997850 seconds.
  path: Assets/Scripts/CreatePlane.cs
  artifactKey: Guid(a43a582fc2e470a41b7c60b9a4a87df6) Importer(815301076,1909f56bfc062723c751e8b465ee728b)
Start importing Assets/Scripts/CreatePlane.cs using Guid(a43a582fc2e470a41b7c60b9a4a87df6) Importer(815301076,1909f56bfc062723c751e8b465ee728b)  -> (artifact id: 'bf7748a5d2d9ca293feddf0c5d890619') in 0.007475 seconds
  Import took 0.010259 seconds .

========================================================================
Received Prepare
Registering precompiled user dll's ...
Registered in 0.002703 seconds.
Begin MonoManager ReloadAssembly
Native extension for WindowsStandalone target not found
Native extension for WebGL target not found
Refreshing native plugins compatible for Editor in 0.44 ms, found 2 plugins.
Preloading 0 native plugins for Editor in 0.00 ms.
Mono: successfully reloaded assembly
- Completed reload, in  1.067 seconds
Platform modules already initialized, skipping
Refreshing native plugins compatible for Editor in 0.31 ms, found 2 plugins.
Preloading 0 native plugins for Editor in 0.00 ms.
Unloading 1382 Unused Serialized files (Serialized files now loaded: 0)
System memory in use before: 64.7 MB.
System memory in use after: 64.7 MB.

Unloading 14 unused Assets to reduce memory usage. Loaded Objects now: 1829.
Total: 2.165000 ms (FindLiveObjects: 0.151600 ms CreateObjectMapping: 0.044600 ms MarkObjects: 1.873000 ms  DeleteObjects: 0.095000 ms)

========================================================================
Received Prepare
Registering precompiled user dll's ...
Registered in 0.004634 seconds.
Begin MonoManager ReloadAssembly
Native extension for WindowsStandalone target not found
Native extension for WebGL target not found
Refreshing native plugins compatible for Editor in 0.42 ms, found 2 plugins.
Preloading 0 native plugins for Editor in 0.00 ms.
Mono: successfully reloaded assembly
- Completed reload, in  1.100 seconds
Platform modules already initialized, skipping
Refreshing native plugins compatible for Editor in 0.29 ms, found 2 plugins.
Preloading 0 native plugins for Editor in 0.00 ms.
Unloading 1382 Unused Serialized files (Serialized files now loaded: 0)
System memory in use before: 64.7 MB.
System memory in use after: 64.7 MB.

Unloading 14 unused Assets to reduce memory usage. Loaded Objects now: 1832.
Total: 2.391200 ms (FindLiveObjects: 0.155100 ms CreateObjectMapping: 0.049000 ms MarkObjects: 2.086100 ms  DeleteObjects: 0.100100 ms)

========================================================================
Received Import Request.
  Time since last request: 817.366289 seconds.
  path: Assets/Scripts/CreatePlane.cs
  artifactKey: Guid(a43a582fc2e470a41b7c60b9a4a87df6) Importer(815301076,1909f56bfc062723c751e8b465ee728b)
Start importing Assets/Scripts/CreatePlane.cs using Guid(a43a582fc2e470a41b7c60b9a4a87df6) Importer(815301076,1909f56bfc062723c751e8b465ee728b)  -> (artifact id: '215301ef16a0bef5d1904bedb754f27d') in 0.004316 seconds
  Import took 0.007093 seconds .

========================================================================
Received Prepare
Registering precompiled user dll's ...
Registered in 0.002902 seconds.
Begin MonoManager ReloadAssembly
Native extension for WindowsStandalone target not found
Native extension for WebGL target not found
Refreshing native plugins compatible for Editor in 0.31 ms, found 2 plugins.
Preloading 0 native plugins for Editor in 0.00 ms.
Mono: successfully reloaded assembly
- Completed reload, in  1.065 seconds
Platform modules already initialized, skipping
Refreshing native plugins compatible for Editor in 0.30 ms, found 2 plugins.
Preloading 0 native plugins for Editor in 0.00 ms.
Unloading 1382 Unused Serialized files (Serialized files now loaded: 0)
System memory in use before: 64.7 MB.
System memory in use after: 64.8 MB.

Unloading 14 unused Assets to reduce memory usage. Loaded Objects now: 1835.
Total: 2.126500 ms (FindLiveObjects: 0.149200 ms CreateObjectMapping: 0.038300 ms MarkObjects: 1.827100 ms  DeleteObjects: 0.111000 ms)

========================================================================
Received Prepare
Registering precompiled user dll's ...
Registered in 0.004577 seconds.
Begin MonoManager ReloadAssembly
Native extension for WindowsStandalone target not found
Native extension for WebGL target not found
Refreshing native plugins compatible for Editor in 0.32 ms, found 2 plugins.
Preloading 0 native plugins for Editor in 0.00 ms.
Mono: successfully reloaded assembly
- Completed reload, in  1.095 seconds
Platform modules already initialized, skipping
Refreshing native plugins compatible for Editor in 0.41 ms, found 2 plugins.
Preloading 0 native plugins for Editor in 0.00 ms.
Unloading 1382 Unused Serialized files (Serialized files now loaded: 0)
System memory in use before: 64.7 MB.
System memory in use after: 64.8 MB.

Unloading 14 unused Assets to reduce memory usage. Loaded Objects now: 1838.
Total: 2.213300 ms (FindLiveObjects: 0.161200 ms CreateObjectMapping: 0.039900 ms MarkObjects: 1.911100 ms  DeleteObjects: 0.100300 ms)

========================================================================
Received Import Request.
  Time since last request: 1802.239017 seconds.
  path: Assets/Scripts/CreateCube.cs
  artifactKey: Guid(da6211d8d9afbad4d9cc634b9565aded) Importer(815301076,1909f56bfc062723c751e8b465ee728b)
Start importing Assets/Scripts/CreateCube.cs using Guid(da6211d8d9afbad4d9cc634b9565aded) Importer(815301076,1909f56bfc062723c751e8b465ee728b)  -> (artifact id: 'da1dcbb2484178db1a4b3e4cb81f81c1') in 0.014697 seconds
  Import took 0.018205 seconds .

========================================================================
Received Prepare
Registering precompiled user dll's ...
Registered in 0.003242 seconds.
Begin MonoManager ReloadAssembly
Native extension for WindowsStandalone target not found
Native extension for WebGL target not found
Refreshing native plugins compatible for Editor in 0.29 ms, found 2 plugins.
Preloading 0 native plugins for Editor in 0.00 ms.
Mono: successfully reloaded assembly
- Completed reload, in  1.113 seconds
Platform modules already initialized, skipping
Refreshing native plugins compatible for Editor in 0.29 ms, found 2 plugins.
Preloading 0 native plugins for Editor in 0.00 ms.
Unloading 1383 Unused Serialized files (Serialized files now loaded: 0)
System memory in use before: 64.7 MB.
System memory in use after: 64.8 MB.

Unloading 14 unused Assets to reduce memory usage. Loaded Objects now: 1842.
Total: 2.149500 ms (FindLiveObjects: 0.143900 ms CreateObjectMapping: 0.042600 ms MarkObjects: 1.870800 ms  DeleteObjects: 0.091200 ms)

========================================================================
Received Import Request.
  Time since last request: 32.226848 seconds.
  path: Assets/Scripts/CreatePlane.cs
  artifactKey: Guid(a43a582fc2e470a41b7c60b9a4a87df6) Importer(815301076,1909f56bfc062723c751e8b465ee728b)
Start importing Assets/Scripts/CreatePlane.cs using Guid(a43a582fc2e470a41b7c60b9a4a87df6) Importer(815301076,1909f56bfc062723c751e8b465ee728b)  -> (artifact id: 'b84855cdf3189c5eb7adf6a1d5fed6bc') in 0.005117 seconds
  Import took 0.008996 seconds .

========================================================================
Received Import Request.
  Time since last request: 0.044488 seconds.
  path: Assets/Scripts/CreatePlane.cs
  artifactKey: Guid(a43a582fc2e470a41b7c60b9a4a87df6) Importer(815301076,1909f56bfc062723c751e8b465ee728b)
Start importing Assets/Scripts/CreatePlane.cs using Guid(a43a582fc2e470a41b7c60b9a4a87df6) Importer(815301076,1909f56bfc062723c751e8b465ee728b)  -> (artifact id: 'b84855cdf3189c5eb7adf6a1d5fed6bc') in 0.002394 seconds
  Import took 0.005278 seconds .

========================================================================
Received Prepare
Registering precompiled user dll's ...
Registered in 0.003390 seconds.
Begin MonoManager ReloadAssembly
Native extension for WindowsStandalone target not found
Native extension for WebGL target not found
Refreshing native plugins compatible for Editor in 0.35 ms, found 2 plugins.
Preloading 0 native plugins for Editor in 0.00 ms.
Mono: successfully reloaded assembly
- Completed reload, in  1.078 seconds
Platform modules already initialized, skipping
Refreshing native plugins compatible for Editor in 0.29 ms, found 2 plugins.
Preloading 0 native plugins for Editor in 0.00 ms.
Unloading 1383 Unused Serialized files (Serialized files now loaded: 0)
System memory in use before: 64.7 MB.
System memory in use after: 64.8 MB.

Unloading 14 unused Assets to reduce memory usage. Loaded Objects now: 1845.
Total: 2.168800 ms (FindLiveObjects: 0.153500 ms CreateObjectMapping: 0.042700 ms MarkObjects: 1.874000 ms  DeleteObjects: 0.097400 ms)

========================================================================
Received Import Request.
  Time since last request: 678.328943 seconds.
  path: Assets/Scripts/CreateCube.cs
  artifactKey: Guid(da6211d8d9afbad4d9cc634b9565aded) Importer(815301076,1909f56bfc062723c751e8b465ee728b)
Start importing Assets/Scripts/CreateCube.cs using Guid(da6211d8d9afbad4d9cc634b9565aded) Importer(815301076,1909f56bfc062723c751e8b465ee728b)  -> (artifact id: '3753cad1dfcde9e3aa13bd19c425c178') in 0.004379 seconds
  Import took 0.006541 seconds .

========================================================================
Received Prepare
Registering precompiled user dll's ...
Registered in 0.004663 seconds.
Begin MonoManager ReloadAssembly
Native extension for WindowsStandalone target not found
Native extension for WebGL target not found
Refreshing native plugins compatible for Editor in 0.30 ms, found 2 plugins.
Preloading 0 native plugins for Editor in 0.00 ms.
Mono: successfully reloaded assembly
- Completed reload, in  1.077 seconds
Platform modules already initialized, skipping
Refreshing native plugins compatible for Editor in 0.35 ms, found 2 plugins.
Preloading 0 native plugins for Editor in 0.00 ms.
Unloading 1383 Unused Serialized files (Serialized files now loaded: 0)
System memory in use before: 64.7 MB.
System memory in use after: 64.8 MB.

Unloading 14 unused Assets to reduce memory usage. Loaded Objects now: 1848.
Total: 2.231900 ms (FindLiveObjects: 0.147900 ms CreateObjectMapping: 0.044200 ms MarkObjects: 1.938200 ms  DeleteObjects: 0.100600 ms)

========================================================================
Received Prepare
Registering precompiled user dll's ...
Registered in 0.003082 seconds.
Begin MonoManager ReloadAssembly
Native extension for WindowsStandalone target not found
Native extension for WebGL target not found
Refreshing native plugins compatible for Editor in 0.39 ms, found 2 plugins.
Preloading 0 native plugins for Editor in 0.00 ms.
Mono: successfully reloaded assembly
- Completed reload, in  1.509 seconds
Platform modules already initialized, skipping
Refreshing native plugins compatible for Editor in 1.20 ms, found 2 plugins.
Preloading 0 native plugins for Editor in 0.00 ms.
Unloading 1383 Unused Serialized files (Serialized files now loaded: 0)
System memory in use before: 64.7 MB.
System memory in use after: 64.8 MB.

Unloading 14 unused Assets to reduce memory usage. Loaded Objects now: 1851.
Total: 3.382400 ms (FindLiveObjects: 0.294300 ms CreateObjectMapping: 0.105900 ms MarkObjects: 2.889400 ms  DeleteObjects: 0.090400 ms)

========================================================================
Received Prepare
Registering precompiled user dll's ...
Registered in 0.004135 seconds.
Begin MonoManager ReloadAssembly
Native extension for WindowsStandalone target not found
Native extension for WebGL target not found
Refreshing native plugins compatible for Editor in 0.31 ms, found 2 plugins.
Preloading 0 native plugins for Editor in 0.00 ms.
Mono: successfully reloaded assembly
- Completed reload, in  1.292 seconds
Platform modules already initialized, skipping
Refreshing native plugins compatible for Editor in 0.37 ms, found 2 plugins.
Preloading 0 native plugins for Editor in 0.00 ms.
Unloading 1383 Unused Serialized files (Serialized files now loaded: 0)
System memory in use before: 64.7 MB.
System memory in use after: 64.8 MB.

Unloading 14 unused Assets to reduce memory usage. Loaded Objects now: 1854.
Total: 2.883000 ms (FindLiveObjects: 0.186600 ms CreateObjectMapping: 0.043800 ms MarkObjects: 2.553000 ms  DeleteObjects: 0.098300 ms)

========================================================================
Received Prepare
Registering precompiled user dll's ...
Registered in 0.004711 seconds.
Begin MonoManager ReloadAssembly
Native extension for WindowsStandalone target not found
Native extension for WebGL target not found
Refreshing native plugins compatible for Editor in 0.32 ms, found 2 plugins.
Preloading 0 native plugins for Editor in 0.00 ms.
Mono: successfully reloaded assembly
- Completed reload, in  1.304 seconds
Platform modules already initialized, skipping
Refreshing native plugins compatible for Editor in 0.32 ms, found 2 plugins.
Preloading 0 native plugins for Editor in 0.00 ms.
Unloading 1383 Unused Serialized files (Serialized files now loaded: 0)
System memory in use before: 64.7 MB.
System memory in use after: 64.8 MB.

Unloading 14 unused Assets to reduce memory usage. Loaded Objects now: 1857.
Total: 2.106000 ms (FindLiveObjects: 0.155500 ms CreateObjectMapping: 0.047700 ms MarkObjects: 1.813300 ms  DeleteObjects: 0.088400 ms)

========================================================================
Received Prepare
Registering precompiled user dll's ...
Registered in 0.005438 seconds.
Begin MonoManager ReloadAssembly
Native extension for WindowsStandalone target not found
Native extension for WebGL target not found
Refreshing native plugins compatible for Editor in 0.33 ms, found 2 plugins.
Preloading 0 native plugins for Editor in 0.00 ms.
Mono: successfully reloaded assembly
- Completed reload, in  1.161 seconds
Platform modules already initialized, skipping
Refreshing native plugins compatible for Editor in 0.30 ms, found 2 plugins.
Preloading 0 native plugins for Editor in 0.00 ms.
Unloading 1383 Unused Serialized files (Serialized files now loaded: 0)
System memory in use before: 64.7 MB.
System memory in use after: 64.8 MB.

Unloading 14 unused Assets to reduce memory usage. Loaded Objects now: 1860.
Total: 2.448300 ms (FindLiveObjects: 0.186600 ms CreateObjectMapping: 0.064200 ms MarkObjects: 2.103700 ms  DeleteObjects: 0.092900 ms)

========================================================================
Received Prepare
Registering precompiled user dll's ...
Registered in 0.004240 seconds.
Begin MonoManager ReloadAssembly
Native extension for WindowsStandalone target not found
Native extension for WebGL target not found
Refreshing native plugins compatible for Editor in 0.29 ms, found 2 plugins.
Preloading 0 native plugins for Editor in 0.00 ms.
Mono: successfully reloaded assembly
- Completed reload, in  1.188 seconds
Platform modules already initialized, skipping
Refreshing native plugins compatible for Editor in 0.33 ms, found 2 plugins.
Preloading 0 native plugins for Editor in 0.00 ms.
Unloading 1383 Unused Serialized files (Serialized files now loaded: 0)
System memory in use before: 64.8 MB.
System memory in use after: 64.8 MB.

Unloading 14 unused Assets to reduce memory usage. Loaded Objects now: 1863.
Total: 2.266100 ms (FindLiveObjects: 0.154100 ms CreateObjectMapping: 0.042000 ms MarkObjects: 1.969700 ms  DeleteObjects: 0.099300 ms)

========================================================================
Received Prepare
Registering precompiled user dll's ...
Registered in 0.004615 seconds.
Begin MonoManager ReloadAssembly
Native extension for WindowsStandalone target not found
Native extension for WebGL target not found
Refreshing native plugins compatible for Editor in 0.72 ms, found 2 plugins.
Preloading 0 native plugins for Editor in 0.00 ms.
Mono: successfully reloaded assembly
- Completed reload, in  1.280 seconds
Platform modules already initialized, skipping
Refreshing native plugins compatible for Editor in 0.38 ms, found 2 plugins.
Preloading 0 native plugins for Editor in 0.00 ms.
Unloading 1383 Unused Serialized files (Serialized files now loaded: 0)
System memory in use before: 64.8 MB.
System memory in use after: 64.8 MB.

Unloading 14 unused Assets to reduce memory usage. Loaded Objects now: 1866.
Total: 3.542500 ms (FindLiveObjects: 0.250500 ms CreateObjectMapping: 0.108100 ms MarkObjects: 3.093800 ms  DeleteObjects: 0.088800 ms)

========================================================================
Received Prepare
Registering precompiled user dll's ...
Registered in 0.003188 seconds.
Begin MonoManager ReloadAssembly
Native extension for WindowsStandalone target not found
Native extension for WebGL target not found
Refreshing native plugins compatible for Editor in 0.31 ms, found 2 plugins.
Preloading 0 native plugins for Editor in 0.00 ms.
Mono: successfully reloaded assembly
- Completed reload, in  1.204 seconds
Platform modules already initialized, skipping
Refreshing native plugins compatible for Editor in 0.31 ms, found 2 plugins.
Preloading 0 native plugins for Editor in 0.00 ms.
Unloading 1383 Unused Serialized files (Serialized files now loaded: 0)
System memory in use before: 64.8 MB.
System memory in use after: 64.8 MB.

Unloading 14 unused Assets to reduce memory usage. Loaded Objects now: 1869.
Total: 2.577400 ms (FindLiveObjects: 0.322800 ms CreateObjectMapping: 0.056100 ms MarkObjects: 2.087500 ms  DeleteObjects: 0.108800 ms)

========================================================================
Received Import Request.
  Time since last request: 959.665740 seconds.
  path: Assets/New Folder
  artifactKey: Guid(a0bcddf336743b54ba4bac3380003e88) Importer(815301076,1909f56bfc062723c751e8b465ee728b)
Start importing Assets/New Folder using Guid(a0bcddf336743b54ba4bac3380003e88) Importer(815301076,1909f56bfc062723c751e8b465ee728b)  -> (artifact id: '26d23873db8717fdb47a9b2251f82fa9') in 0.010944 seconds
  Import took 0.014682 seconds .

========================================================================
Received Import Request.
  Time since last request: 6.503520 seconds.
  path: Assets/Material
  artifactKey: Guid(a0bcddf336743b54ba4bac3380003e88) Importer(815301076,1909f56bfc062723c751e8b465ee728b)
Start importing Assets/Material using Guid(a0bcddf336743b54ba4bac3380003e88) Importer(815301076,1909f56bfc062723c751e8b465ee728b)  -> (artifact id: '9930ef4de00c4e738e91f55bbe1d2f4b') in 0.008337 seconds
  Import took 0.012359 seconds .

========================================================================
Received Import Request.
  Time since last request: 11.176953 seconds.
  path: Assets/Material/Default.mat
  artifactKey: Guid(dabb4a78842ccf54987636920b5b7cc6) Importer(815301076,1909f56bfc062723c751e8b465ee728b)
Start importing Assets/Material/Default.mat using Guid(dabb4a78842ccf54987636920b5b7cc6) Importer(815301076,1909f56bfc062723c751e8b465ee728b)  -> (artifact id: 'b15bc13df17a1d1cc3be9f2dda212d23') in 0.146709 seconds
  Import took 0.149411 seconds .

========================================================================
Received Prepare
Registering precompiled user dll's ...
Registered in 0.004293 seconds.
Begin MonoManager ReloadAssembly
Native extension for WindowsStandalone target not found
Native extension for WebGL target not found
Refreshing native plugins compatible for Editor in 0.30 ms, found 2 plugins.
Preloading 0 native plugins for Editor in 0.00 ms.
Mono: successfully reloaded assembly
- Completed reload, in  1.273 seconds
Platform modules already initialized, skipping
Refreshing native plugins compatible for Editor in 0.29 ms, found 2 plugins.
Preloading 0 native plugins for Editor in 0.00 ms.
Unloading 1383 Unused Serialized files (Serialized files now loaded: 0)
System memory in use before: 68.1 MB.
System memory in use after: 68.2 MB.

Unloading 14 unused Assets to reduce memory usage. Loaded Objects now: 1912.
Total: 2.368500 ms (FindLiveObjects: 0.400300 ms CreateObjectMapping: 0.167800 ms MarkObjects: 1.735600 ms  DeleteObjects: 0.063300 ms)

========================================================================
Received Prepare
Registering precompiled user dll's ...
Registered in 0.004192 seconds.
Begin MonoManager ReloadAssembly
Native extension for WindowsStandalone target not found
Native extension for WebGL target not found
Refreshing native plugins compatible for Editor in 0.38 ms, found 2 plugins.
Preloading 0 native plugins for Editor in 0.00 ms.
Mono: successfully reloaded assembly
- Completed reload, in  1.257 seconds
Platform modules already initialized, skipping
Refreshing native plugins compatible for Editor in 0.76 ms, found 2 plugins.
Preloading 0 native plugins for Editor in 0.00 ms.
Unloading 1383 Unused Serialized files (Serialized files now loaded: 0)
System memory in use before: 68.1 MB.
System memory in use after: 68.2 MB.

Unloading 14 unused Assets to reduce memory usage. Loaded Objects now: 1915.
Total: 2.637900 ms (FindLiveObjects: 0.157200 ms CreateObjectMapping: 0.047400 ms MarkObjects: 2.328100 ms  DeleteObjects: 0.103700 ms)

========================================================================
Received Prepare
Registering precompiled user dll's ...
Registered in 0.003135 seconds.
Begin MonoManager ReloadAssembly
Native extension for WindowsStandalone target not found
Native extension for WebGL target not found
Refreshing native plugins compatible for Editor in 0.35 ms, found 2 plugins.
Preloading 0 native plugins for Editor in 0.00 ms.
Mono: successfully reloaded assembly
- Completed reload, in  1.094 seconds
Platform modules already initialized, skipping
Refreshing native plugins compatible for Editor in 0.30 ms, found 2 plugins.
Preloading 0 native plugins for Editor in 0.00 ms.
Unloading 1383 Unused Serialized files (Serialized files now loaded: 0)
System memory in use before: 68.1 MB.
System memory in use after: 68.2 MB.

Unloading 14 unused Assets to reduce memory usage. Loaded Objects now: 1918.
Total: 2.041400 ms (FindLiveObjects: 0.136500 ms CreateObjectMapping: 0.046000 ms MarkObjects: 1.767600 ms  DeleteObjects: 0.090100 ms)

========================================================================
Received Import Request.
  Time since last request: 493.182305 seconds.
  path: Assets/Scripts/CreateSimpleMesh
  artifactKey: Guid(c87a1d1ba2d3f6641a7707ecdb1f2faf) Importer(815301076,1909f56bfc062723c751e8b465ee728b)
Start importing Assets/Scripts/CreateSimpleMesh using Guid(c87a1d1ba2d3f6641a7707ecdb1f2faf) Importer(815301076,1909f56bfc062723c751e8b465ee728b)  -> (artifact id: '455929137691b56f94372c982da491e3') in 0.011356 seconds
  Import took 0.014230 seconds .

========================================================================
Received Import Request.
  Time since last request: 2.779513 seconds.
  path: Assets/Scripts/CreateCube.cs
  artifactKey: Guid(da6211d8d9afbad4d9cc634b9565aded) Importer(815301076,1909f56bfc062723c751e8b465ee728b)
Start importing Assets/Scripts/CreateCube.cs using Guid(da6211d8d9afbad4d9cc634b9565aded) Importer(815301076,1909f56bfc062723c751e8b465ee728b)  -> (artifact id: 'dd81d97b3e084f28d606dc2762fcd0fb') in 0.002118 seconds
  Import took 0.004996 seconds .

========================================================================
Received Import Request.
  Time since last request: 0.002030 seconds.
  path: Assets/Scripts/CreateCube.cs
  artifactKey: Guid(da6211d8d9afbad4d9cc634b9565aded) Importer(815301076,1909f56bfc062723c751e8b465ee728b)
Start importing Assets/Scripts/CreateCube.cs using Guid(da6211d8d9afbad4d9cc634b9565aded) Importer(815301076,1909f56bfc062723c751e8b465ee728b)  -> (artifact id: 'dd81d97b3e084f28d606dc2762fcd0fb') in 0.002465 seconds
  Import took 0.005465 seconds .

========================================================================
Received Prepare
Registering precompiled user dll's ...
Registered in 0.003568 seconds.
Begin MonoManager ReloadAssembly
Native extension for WindowsStandalone target not found
Native extension for WebGL target not found
Refreshing native plugins compatible for Editor in 0.32 ms, found 2 plugins.
Preloading 0 native plugins for Editor in 0.00 ms.
Mono: successfully reloaded assembly
- Completed reload, in  1.251 seconds
Platform modules already initialized, skipping
Refreshing native plugins compatible for Editor in 0.33 ms, found 2 plugins.
Preloading 0 native plugins for Editor in 0.00 ms.
Unloading 1383 Unused Serialized files (Serialized files now loaded: 0)
System memory in use before: 68.1 MB.
System memory in use after: 68.2 MB.

Unloading 14 unused Assets to reduce memory usage. Loaded Objects now: 1921.
Total: 2.100300 ms (FindLiveObjects: 0.156900 ms CreateObjectMapping: 0.040600 ms MarkObjects: 1.802500 ms  DeleteObjects: 0.099600 ms)

========================================================================
Received Prepare
Registering precompiled user dll's ...
Registered in 0.003390 seconds.
Begin MonoManager ReloadAssembly
Native extension for WindowsStandalone target not found
Native extension for WebGL target not found
Refreshing native plugins compatible for Editor in 0.34 ms, found 2 plugins.
Preloading 0 native plugins for Editor in 0.00 ms.
Mono: successfully reloaded assembly
- Completed reload, in  1.261 seconds
Platform modules already initialized, skipping
Refreshing native plugins compatible for Editor in 0.45 ms, found 2 plugins.
Preloading 0 native plugins for Editor in 0.00 ms.
Unloading 1383 Unused Serialized files (Serialized files now loaded: 0)
System memory in use before: 68.1 MB.
System memory in use after: 68.2 MB.

Unloading 14 unused Assets to reduce memory usage. Loaded Objects now: 1924.
Total: 2.118500 ms (FindLiveObjects: 0.163700 ms CreateObjectMapping: 0.048700 ms MarkObjects: 1.810200 ms  DeleteObjects: 0.094800 ms)

========================================================================
Received Import Request.
  Time since last request: 53.483145 seconds.
  path: Assets/Scripts/CreateSimpleMesh/IMeshCreatable.cs
  artifactKey: Guid(4b2900ebc6db8b445b3742fe420eed05) Importer(815301076,1909f56bfc062723c751e8b465ee728b)
Start importing Assets/Scripts/CreateSimpleMesh/IMeshCreatable.cs using Guid(4b2900ebc6db8b445b3742fe420eed05) Importer(815301076,1909f56bfc062723c751e8b465ee728b)  -> (artifact id: '94e6a00cd9b3b14cf06ed7d4c8685660') in 0.012086 seconds
  Import took 0.016231 seconds .

========================================================================
Received Prepare
Registering precompiled user dll's ...
Registered in 0.002876 seconds.
Begin MonoManager ReloadAssembly
Native extension for WindowsStandalone target not found
Native extension for WebGL target not found
Refreshing native plugins compatible for Editor in 0.32 ms, found 2 plugins.
Preloading 0 native plugins for Editor in 0.00 ms.
Mono: successfully reloaded assembly
- Completed reload, in  1.426 seconds
Platform modules already initialized, skipping
Refreshing native plugins compatible for Editor in 0.31 ms, found 2 plugins.
Preloading 0 native plugins for Editor in 0.00 ms.
Unloading 1384 Unused Serialized files (Serialized files now loaded: 0)
System memory in use before: 68.2 MB.
System memory in use after: 68.2 MB.

Unloading 14 unused Assets to reduce memory usage. Loaded Objects now: 1928.
Total: 2.175500 ms (FindLiveObjects: 0.155200 ms CreateObjectMapping: 0.043500 ms MarkObjects: 1.884500 ms  DeleteObjects: 0.072700 ms)

========================================================================
Received Prepare
Registering precompiled user dll's ...
Registered in 0.003631 seconds.
Begin MonoManager ReloadAssembly
Native extension for WindowsStandalone target not found
Native extension for WebGL target not found
Refreshing native plugins compatible for Editor in 0.30 ms, found 2 plugins.
Preloading 0 native plugins for Editor in 0.00 ms.
Mono: successfully reloaded assembly
- Completed reload, in  1.202 seconds
Platform modules already initialized, skipping
Refreshing native plugins compatible for Editor in 0.36 ms, found 2 plugins.
Preloading 0 native plugins for Editor in 0.00 ms.
Unloading 1384 Unused Serialized files (Serialized files now loaded: 0)
System memory in use before: 68.2 MB.
System memory in use after: 68.3 MB.

Unloading 14 unused Assets to reduce memory usage. Loaded Objects now: 1931.
Total: 2.199700 ms (FindLiveObjects: 0.161900 ms CreateObjectMapping: 0.039500 ms MarkObjects: 1.884300 ms  DeleteObjects: 0.113100 ms)

========================================================================
Received Import Request.
  Time since last request: 406.264288 seconds.
  path: Assets/Scripts/CreateSimpleMesh/IMeshCreatable.cs
  artifactKey: Guid(4b2900ebc6db8b445b3742fe420eed05) Importer(815301076,1909f56bfc062723c751e8b465ee728b)
Start importing Assets/Scripts/CreateSimpleMesh/IMeshCreatable.cs using Guid(4b2900ebc6db8b445b3742fe420eed05) Importer(815301076,1909f56bfc062723c751e8b465ee728b)  -> (artifact id: '519ec05cbc698edbda5f1af76c5067cb') in 0.004004 seconds
  Import took 0.006535 seconds .

========================================================================
Received Prepare
Registering precompiled user dll's ...
Registered in 0.003557 seconds.
Begin MonoManager ReloadAssembly
Native extension for WindowsStandalone target not found
Native extension for WebGL target not found
Refreshing native plugins compatible for Editor in 0.51 ms, found 2 plugins.
Preloading 0 native plugins for Editor in 0.00 ms.
Mono: successfully reloaded assembly
- Completed reload, in  1.247 seconds
Platform modules already initialized, skipping
Refreshing native plugins compatible for Editor in 0.62 ms, found 2 plugins.
Preloading 0 native plugins for Editor in 0.00 ms.
Unloading 1384 Unused Serialized files (Serialized files now loaded: 0)
System memory in use before: 68.2 MB.
System memory in use after: 68.3 MB.

Unloading 14 unused Assets to reduce memory usage. Loaded Objects now: 1934.
Total: 2.044200 ms (FindLiveObjects: 0.171500 ms CreateObjectMapping: 0.055000 ms MarkObjects: 1.765800 ms  DeleteObjects: 0.050500 ms)

========================================================================
Received Prepare
Registering precompiled user dll's ...
Registered in 0.004344 seconds.
Begin MonoManager ReloadAssembly
Native extension for WindowsStandalone target not found
Native extension for WebGL target not found
Refreshing native plugins compatible for Editor in 0.29 ms, found 2 plugins.
Preloading 0 native plugins for Editor in 0.00 ms.
Mono: successfully reloaded assembly
- Completed reload, in  1.197 seconds
Platform modules already initialized, skipping
Refreshing native plugins compatible for Editor in 0.35 ms, found 2 plugins.
Preloading 0 native plugins for Editor in 0.00 ms.
Unloading 1384 Unused Serialized files (Serialized files now loaded: 0)
System memory in use before: 68.2 MB.
System memory in use after: 68.3 MB.

Unloading 14 unused Assets to reduce memory usage. Loaded Objects now: 1937.
Total: 2.105000 ms (FindLiveObjects: 0.160200 ms CreateObjectMapping: 0.044200 ms MarkObjects: 1.791600 ms  DeleteObjects: 0.108100 ms)

AssetImportWorkerClient::OnTransportError - code=2 error=End of file
